<?xml version="1.0" encoding="UTF-8"?>
<!-- Generated by org.testng.reporters.JUnitReportReporter -->
<testsuite hostname="marjanas-Air" failures="0" tests="1" name="auto.AutoTest" time="99.462" errors="0" timestamp="2022-11-07T22:55:37 EST" skipped="0">
  <testcase classname="auto.AutoTest" name="autoSearch" time="99.462"/>
  <system-out>
    <![CDATA[laptops : has been passed to ---> [[ChromeDriver: chrome on MAC (93a796bada3536ae3a8fcec8cf155ea8)] -> id: gh-search-input]<br>
[[ChromeDriver: chrome on MAC (93a796bada3536ae3a8fcec8cf155ea8)] -> xpath: //button[@title= 'submit search']] <--- has been clicked<br>
[[ChromeDriver: chrome on MAC (93a796bada3536ae3a8fcec8cf155ea8)] -> xpath: //button[@title= 'submit search']] <--- has been PRESENT<br>
[[ChromeDriver: chrome on MAC (93a796bada3536ae3a8fcec8cf155ea8)] -> xpath: //button[@title= 'submit search']] <--- is VISIBLE<br>
[[ChromeDriver: chrome on MAC (93a796bada3536ae3a8fcec8cf155ea8)] -> xpath: //button[@title= 'submit search']] <--- has been clicked<br>
Proxy element for: DefaultElementLocator 'By.xpath: (//a[text() = 'HP - 15.6" Touch-Screen Laptop - Intel Core i7 - 16GB Memory - 512GB SSD - Natural Silver']) [1]' <--- has been clicked<br>
laptops : has been passed to ---> [[ChromeDriver: chrome on MAC (93a796bada3536ae3a8fcec8cf155ea8)] -> id: gh-search-input]<br>
[[ChromeDriver: chrome on MAC (93a796bada3536ae3a8fcec8cf155ea8)] -> xpath: //button[@title= 'submit search']] <--- has been clicked<br>
[[ChromeDriver: chrome on MAC (93a796bada3536ae3a8fcec8cf155ea8)] -> xpath: //button[@title= 'submit search']] <--- has been PRESENT<br>
[[ChromeDriver: chrome on MAC (93a796bada3536ae3a8fcec8cf155ea8)] -> xpath: //button[@title= 'submit search']] <--- is VISIBLE<br>
[[ChromeDriver: chrome on MAC (93a796bada3536ae3a8fcec8cf155ea8)] -> xpath: //button[@title= 'submit search']] <--- has been clicked<br>]]>
  </system-out>
</testsuite> <!-- auto.AutoTest -->
