<?xml version="1.0" encoding="UTF-8"?>
<!-- Generated by org.testng.reporters.JUnitReportReporter -->
<testsuite hostname="marjanas-Air" failures="0" tests="1" name="home.HomeTest" time="95.882" errors="0" timestamp="2022-11-12T00:09:14 EST" skipped="0">
  <testcase classname="home.HomeTest" name="laptopCheckout" time="95.882"/>
  <system-out>
    <![CDATA[laptops : has been passed to ---> [[ChromeDriver: chrome on MAC (cd5c1628969923881a36edf59ff35190)] -> id: gh-search-input]<br>
[[ChromeDriver: chrome on MAC (cd5c1628969923881a36edf59ff35190)] -> xpath: //button[@title= 'submit search']] <--- has been clicked<br>
[[ChromeDriver: chrome on MAC (cd5c1628969923881a36edf59ff35190)] -> xpath: //button[@title= 'submit search']] <--- has been PRESENT<br>
[[ChromeDriver: chrome on MAC (cd5c1628969923881a36edf59ff35190)] -> xpath: //button[@title= 'submit search']] <--- is VISIBLE<br>
[[ChromeDriver: chrome on MAC (cd5c1628969923881a36edf59ff35190)] -> xpath: //button[@title= 'submit search']] <--- has been clicked<br>
Proxy element for: DefaultElementLocator 'By.xpath: (//a[text() = 'HP - 15.6" Touch-Screen Laptop - Intel Core i7 - 16GB Memory - 512GB SSD - Natural Silver']) [1]' <--- has been clicked<br>
[[ChromeDriver: chrome on MAC (cd5c1628969923881a36edf59ff35190)] -> xpath: //input[@id = 'warranty-sku-5802904-warranty-selector']] <--- has been clicked<br>
[[ChromeDriver: chrome on MAC (cd5c1628969923881a36edf59ff35190)] -> xpath: //button[@class='c-button c-button-primary c-button-lg c-button-block c-button-icon c-button-icon-leading add-to-cart-button']] <--- has been clicked<br>
Proxy element for: DefaultElementLocator 'By.xpath: //a[@class = 'c-button c-button-secondary c-button-sm c-button-block ']' <--- has been clicked<br>
[[ChromeDriver: chrome on MAC (cd5c1628969923881a36edf59ff35190)] -> xpath: //button[@class = 'btn btn-lg btn-block btn-primary']] <--- has been clicked<br>
[[ChromeDriver: chrome on MAC (cd5c1628969923881a36edf59ff35190)] -> xpath: //button[@class ='c-button c-button-secondary c-button-lg cia-guest-content__continue guest']] <--- has been clicked<br>
[[ChromeDriver: chrome on MAC (cd5c1628969923881a36edf59ff35190)] -> xpath: //button[@class = 'c-button-link card-call-to-action-button']] <--- has been clicked<br>
[[ChromeDriver: chrome on MAC (cd5c1628969923881a36edf59ff35190)] -> xpath: //input[@name= 'firstName']] <--- has been clicked<br>
Nick : has been passed to ---> [[ChromeDriver: chrome on MAC (cd5c1628969923881a36edf59ff35190)] -> xpath: //input[@name= 'firstName']]<br>
[[ChromeDriver: chrome on MAC (cd5c1628969923881a36edf59ff35190)] -> xpath: //input[@name= 'firstName']] <--- has been PRESENT<br>
[[ChromeDriver: chrome on MAC (cd5c1628969923881a36edf59ff35190)] -> xpath: //input[@name= 'firstName']] <--- is VISIBLE<br>
[[ChromeDriver: chrome on MAC (cd5c1628969923881a36edf59ff35190)] -> xpath: //input[@name= 'firstName']] <--- has been clicked<br>
[[ChromeDriver: chrome on MAC (cd5c1628969923881a36edf59ff35190)] -> xpath: //input[@name= 'lastName']] <--- has been clicked<br>
John : has been passed to ---> [[ChromeDriver: chrome on MAC (cd5c1628969923881a36edf59ff35190)] -> xpath: //input[@name= 'lastName']]<br>
[[ChromeDriver: chrome on MAC (cd5c1628969923881a36edf59ff35190)] -> xpath: //input[@name= 'lastName']] <--- has been PRESENT<br>
[[ChromeDriver: chrome on MAC (cd5c1628969923881a36edf59ff35190)] -> xpath: //input[@name= 'lastName']] <--- is VISIBLE<br>
[[ChromeDriver: chrome on MAC (cd5c1628969923881a36edf59ff35190)] -> xpath: //input[@name= 'lastName']] <--- has been clicked<br>
[[ChromeDriver: chrome on MAC (cd5c1628969923881a36edf59ff35190)] -> xpath: //input[@class= 'tb-input  autocomplete__input']] <--- has been clicked<br>
25 E 104th St, New York NY : has been passed to ---> [[ChromeDriver: chrome on MAC (cd5c1628969923881a36edf59ff35190)] -> xpath: //input[@class= 'tb-input  autocomplete__input']]<br>
[[ChromeDriver: chrome on MAC (cd5c1628969923881a36edf59ff35190)] -> xpath: //input[@class= 'tb-input  autocomplete__input']] <--- has been PRESENT<br>
[[ChromeDriver: chrome on MAC (cd5c1628969923881a36edf59ff35190)] -> xpath: //input[@class= 'tb-input  autocomplete__input']] <--- is VISIBLE<br>
[[ChromeDriver: chrome on MAC (cd5c1628969923881a36edf59ff35190)] -> xpath: //input[@class= 'tb-input  autocomplete__input']] <--- has been clicked<br>
[[ChromeDriver: chrome on MAC (cd5c1628969923881a36edf59ff35190)] -> xpath: //input[@name= 'city']] <--- has been clicked<br>
New York : has been passed to ---> [[ChromeDriver: chrome on MAC (cd5c1628969923881a36edf59ff35190)] -> xpath: //input[@name= 'city']]<br>
[[ChromeDriver: chrome on MAC (cd5c1628969923881a36edf59ff35190)] -> xpath: //input[@name= 'city']] <--- has been PRESENT<br>
[[ChromeDriver: chrome on MAC (cd5c1628969923881a36edf59ff35190)] -> xpath: //input[@name= 'city']] <--- is VISIBLE<br>
[[ChromeDriver: chrome on MAC (cd5c1628969923881a36edf59ff35190)] -> xpath: //input[@name= 'city']] <--- has been clicked<br>
[[ChromeDriver: chrome on MAC (cd5c1628969923881a36edf59ff35190)] -> xpath: //select[@id='state']] <--- has been clicked<br>
[[ChromeDriver: chrome on MAC (cd5c1628969923881a36edf59ff35190)] -> xpath: //select[@id='state']] <--- has been PRESENT<br>
[[ChromeDriver: chrome on MAC (cd5c1628969923881a36edf59ff35190)] -> xpath: //select[@id='state']] <--- is VISIBLE<br>
NY : has been selected for ---> [[ChromeDriver: chrome on MAC (cd5c1628969923881a36edf59ff35190)] -> xpath: //select[@id='state']]<br>
[[ChromeDriver: chrome on MAC (cd5c1628969923881a36edf59ff35190)] -> xpath: //input[@name='zipcode']] <--- has been clicked<br>
10029 : has been passed to ---> [[ChromeDriver: chrome on MAC (cd5c1628969923881a36edf59ff35190)] -> xpath: //input[@name='zipcode']]<br>
[[ChromeDriver: chrome on MAC (cd5c1628969923881a36edf59ff35190)] -> xpath: //input[@name='zipcode']] <--- has been PRESENT<br>
[[ChromeDriver: chrome on MAC (cd5c1628969923881a36edf59ff35190)] -> xpath: //input[@name='zipcode']] <--- is VISIBLE<br>
[[ChromeDriver: chrome on MAC (cd5c1628969923881a36edf59ff35190)] -> xpath: //input[@name='zipcode']] <--- has been clicked<br>
[[ChromeDriver: chrome on MAC (cd5c1628969923881a36edf59ff35190)] -> xpath: //button[@class= 'c-button c-button-secondary c-button-md new-address-form__button']] <--- has been clicked<br>]]>
  </system-out>
</testsuite> <!-- home.HomeTest -->
