<?xml version="1.0" encoding="UTF-8"?>
<!-- Generated by org.testng.reporters.JUnitReportReporter -->
<testsuite hostname="marjanas-Air" failures="0" tests="1" name="home.HomeTest$AutoTest" time="137.775" errors="0" timestamp="2022-11-10T19:45:02 EST" skipped="0">
  <testcase classname="home.HomeTest$AutoTest" name="autoSearch" time="137.775"/>
  <system-out>
    <![CDATA[laptops : has been passed to ---> [[ChromeDriver: chrome on MAC (e436bca66d9ac32c98d68ca5fccfc406)] -> id: gh-search-input]<br>
[[ChromeDriver: chrome on MAC (e436bca66d9ac32c98d68ca5fccfc406)] -> xpath: //button[@title= 'submit search']] <--- has been clicked<br>
[[ChromeDriver: chrome on MAC (e436bca66d9ac32c98d68ca5fccfc406)] -> xpath: //button[@title= 'submit search']] <--- has been PRESENT<br>
[[ChromeDriver: chrome on MAC (e436bca66d9ac32c98d68ca5fccfc406)] -> xpath: //button[@title= 'submit search']] <--- is VISIBLE<br>
[[ChromeDriver: chrome on MAC (e436bca66d9ac32c98d68ca5fccfc406)] -> xpath: //button[@title= 'submit search']] <--- has been clicked<br>
Proxy element for: DefaultElementLocator 'By.xpath: (//a[text() = 'HP - 15.6" Touch-Screen Laptop - Intel Core i7 - 16GB Memory - 512GB SSD - Natural Silver']) [1]' <--- has been clicked<br>
[[ChromeDriver: chrome on MAC (e436bca66d9ac32c98d68ca5fccfc406)] -> xpath: //input[@id = 'warranty-sku-5802904-warranty-selector']] <--- has been clicked<br>
[[ChromeDriver: chrome on MAC (e436bca66d9ac32c98d68ca5fccfc406)] -> xpath: //button[@class='c-button c-button-primary c-button-lg c-button-block c-button-icon c-button-icon-leading add-to-cart-button']] <--- has been clicked<br>
Proxy element for: DefaultElementLocator 'By.xpath: //a[@class = 'c-button c-button-secondary c-button-sm c-button-block ']' <--- has been clicked<br>
[[ChromeDriver: chrome on MAC (e436bca66d9ac32c98d68ca5fccfc406)] -> xpath: //button[@class = 'btn btn-lg btn-block btn-primary']] <--- has been clicked<br>
[[ChromeDriver: chrome on MAC (e436bca66d9ac32c98d68ca5fccfc406)] -> xpath: //button[@class ='c-button c-button-secondary c-button-lg cia-guest-content__continue guest']] <--- has been clicked<br>]]>
  </system-out>
</testsuite> <!-- home.HomeTest$AutoTest -->
